make[2]: Entering directory `/home/donnam/dds2/systemc/examples/Examples/processor'
../Makefile:27: include ../Makefile.defs
../Makefile.defs:138: Makefile.deps: No such file or directory
g++  -O0 -ggdb -Wno-deprecated -DDEBUG_SYSTEMC -fpermissive -DSYSTEMC_V2_3  -I. -I.. -I/eda/tools/systemc-2.3.0//include -I/include  -M ea_heartbeat.cpp main.cpp processor.cpp stimulus.cpp >> Makefile.deps
make[2]: Leaving directory `/home/donnam/dds2/systemc/examples/Examples/processor'
make[2]: Entering directory `/home/donnam/dds2/systemc/examples/Examples/processor'
../Makefile:27: include ../Makefile.defs
g++  -O0 -ggdb -Wno-deprecated -DDEBUG_SYSTEMC -fpermissive -DSYSTEMC_V2_3  -I. -I.. -I/eda/tools/systemc-2.3.0//include -I/include  -c ea_heartbeat.cpp
g++  -O0 -ggdb -Wno-deprecated -DDEBUG_SYSTEMC -fpermissive -DSYSTEMC_V2_3  -I. -I.. -I/eda/tools/systemc-2.3.0//include -I/include  -c main.cpp
In file included from processor.h:26,
                 from main.cpp:12:
opcodes.h: In function ‘char* condition(unsigned int)’:
opcodes.h:41: warning: deprecated conversion from string constant to ‘char*’
opcodes.h:42: warning: deprecated conversion from string constant to ‘char*’
opcodes.h:43: warning: deprecated conversion from string constant to ‘char*’
opcodes.h:44: warning: deprecated conversion from string constant to ‘char*’
opcodes.h: At global scope:
opcodes.h:47: error: ‘sc_string’ does not name a type
In file included from main.cpp:15:
ea_pullup.h: In member function ‘virtual void ea_pullup::update()’:
ea_pullup.h:25: error: ‘sc_logic_resolve’ has not been declared
ea_pullup.h: In member function ‘virtual void ea_pullup_pack<W>::update()’:
ea_pullup.h:45: error: ‘lv’ was not declared in this scope
ea_pullup.h:45: error: template argument 1 is invalid
ea_pullup.h:45: error: invalid type in declaration before ‘(’ token
ea_pullup.h:45: error: ‘m_val_vec’ was not declared in this scope
ea_pullup.h:47: error: ‘m_new_val’ was not declared in this scope
ea_pullup.h:51: error: ‘base_type’ has not been declared
main.cpp: At global scope:
main.cpp:19: warning: deprecated conversion from string constant to ‘char*’
main.cpp:20: warning: deprecated conversion from string constant to ‘char*’
make[2]: *** [main.o] Error 1
make[2]: Leaving directory `/home/donnam/dds2/systemc/examples/Examples/processor'
